{
  "RSpec": {
    "coverage": {
      "/Users/Jeremyrrsmith/Coding-Projects/CodeWars/Convert_To_Binary/spec/convert_to_binary_spec.rb": [
        1,
        null,
        1,
        1,
        1,
        1,
        null,
        null,
        1,
        1,
        1,
        null,
        null,
        1,
        1,
        1,
        null,
        null
      ],
      "/Users/Jeremyrrsmith/Coding-Projects/CodeWars/Convert_To_Binary/lib/convert_to_binary.rb": [
        1,
        1,
        3,
        null,
        null
      ]
    },
    "timestamp": 1562272813
  }
}
